<?xml version="1.0" encoding="UTF-8"?>
<!-- Generated by org.testng.reporters.JUnitReportReporter -->
<testsuite hostname="DESKTOP-87IU83P" failures="0" tests="2" name="datadrivenexample.Post_request" time="8.825" errors="0" timestamp="2023-09-23T20:03:15 IST" skipped="0">
  <testcase classname="datadrivenexample.Post_request" name="test_post" time="8.152"/>
  <testcase classname="datadrivenexample.Post_request" name="test_post" time="0.673"/>
</testsuite> <!-- datadrivenexample.Post_request -->
