<?xml version="1.0" encoding="UTF-8"?>
<!-- Generated by org.testng.reporters.JUnitReportReporter -->
<testsuite hostname="DESKTOP-87IU83P" failures="0" tests="1" name="Tests_GET" time="11.003" errors="0" timestamp="2023-09-23T17:12:43 IST" skipped="0">
  <testcase classname="Tests_GET" name="test_2" time="11.003"/>
</testsuite> <!-- Tests_GET -->
