<?xml version="1.0" encoding="UTF-8"?>
<!-- Generated by org.testng.reporters.JUnitReportReporter -->
<testsuite hostname="DESKTOP-87IU83P" failures="0" tests="1" name="SampleTest" time="9.531" errors="0" timestamp="2023-09-23T17:05:37 IST" skipped="0">
  <testcase classname="SampleTest" name="test_2" time="9.531"/>
</testsuite> <!-- SampleTest -->
