<?xml version="1.0" encoding="UTF-8"?>
<!-- Generated by org.testng.reporters.JUnitReportReporter -->
<testsuite hostname="DESKTOP-87IU83P" failures="0" tests="1" name="Tests_PATCH" time="7.637" errors="0" timestamp="2023-09-23T19:45:55 IST" skipped="0">
  <testcase classname="Tests_PATCH" name="test_patch" time="7.637"/>
</testsuite> <!-- Tests_PATCH -->
