<?xml version="1.0" encoding="UTF-8"?>
<!-- Generated by org.testng.reporters.JUnitReportReporter -->
<testsuite hostname="DESKTOP-87IU83P" failures="0" tests="1" name="Tests_POST" time="0.042" errors="0" timestamp="2023-09-23T17:23:44 IST" skipped="0">
  <testcase classname="Tests_POST" name="test_post" time="0.042"/>
</testsuite> <!-- Tests_POST -->
