<?xml version="1.0" encoding="UTF-8"?>
<!-- Generated by org.testng.reporters.JUnitReportReporter -->
<testsuite hostname="DESKTOP-87IU83P" failures="0" tests="1" name="Tests_PUT" time="9.263" errors="0" timestamp="2023-09-23T19:49:16 IST" skipped="0">
  <testcase classname="Tests_PUT" name="put_test" time="9.263"/>
</testsuite> <!-- Tests_PUT -->
