<?xml version="1.0" encoding="UTF-8"?>
<!-- Generated by org.testng.reporters.JUnitReportReporter -->
<testsuite hostname="DESKTOP-87IU83P" failures="0" tests="3" name="datadrivenexample.DataDrivenEx" time="15.617" errors="0" timestamp="2023-09-24T00:05:20 IST" skipped="0">
  <testcase classname="datadrivenexample.DataDrivenEx" name="get_data" time="14.030"/>
  <testcase classname="datadrivenexample.DataDrivenEx" name="test_post" time="0.655"/>
  <testcase classname="datadrivenexample.DataDrivenEx" name="test_post" time="0.932"/>
</testsuite> <!-- datadrivenexample.DataDrivenEx -->
