<?xml version="1.0" encoding="UTF-8"?>
<!-- Generated by org.testng.reporters.JUnitReportReporter -->
<testsuite hostname="DESKTOP-87IU83P" failures="0" tests="2" name="SampleTest" time="8.868" errors="0" timestamp="2023-09-23T16:49:28 IST" skipped="0">
  <testcase classname="SampleTest" name="test_01" time="8.177"/>
  <testcase classname="SampleTest" name="test_2" time="0.691"/>
</testsuite> <!-- SampleTest -->
