<?xml version="1.0" encoding="UTF-8"?>
<!-- Generated by org.testng.reporters.JUnitReportReporter -->
<testsuite hostname="DESKTOP-87IU83P" failures="0" tests="1" name="SampleTest" time="6.461" errors="0" timestamp="2023-09-20T23:37:09 IST" skipped="0">
  <testcase classname="SampleTest" name="test_01" time="6.461"/>
</testsuite> <!-- SampleTest -->
